Arguments: 
  /usr/local/bin/node /usr/local/lib/node_modules/yarn/bin/yarn.js install

PATH: 
  /Users/dpit/.sdkman/candidates/sbt/current/bin:/usr/local/bin:/usr/bin:/bin:/usr/sbin:/sbin:/usr/local/go/bin

Yarn version: 
  1.22.18

Node version: 
  16.13.0

Platform: 
  darwin arm64

Trace: 
  SyntaxError: /Users/dpit/DEVELOPMENT/entress-fe/Backend/node/package.json: Unexpected token } in JSON at position 636
      at JSON.parse (<anonymous>)
      at /usr/local/lib/node_modules/yarn/lib/cli.js:1625:59
      at Generator.next (<anonymous>)
      at step (/usr/local/lib/node_modules/yarn/lib/cli.js:310:30)
      at /usr/local/lib/node_modules/yarn/lib/cli.js:321:13

npm manifest: 
  {
    "name": "Backend-HQ-Node",
    "version": "1.0.0",
    "description": "backend",
    "main": "server.ts",
    "type": "commonjs",
    "scripts": {
      "start": "nodemon server.ts"
    },
    "author": "Takate",
    "license": "ISC",
    "dependencies": {
      "@prisma/client": "^3.13.0",
      "@types/ws": "^8.2.2",
      "amqplib": "^0.8.0",
      "bcrypt": "^5.0.1",
      "body-parser": "^1.19.0",
      "cors": "^2.8.5",
      "dotenv": "^8.6.0",
      "express": "^4.17.1",
      "https": "^1.0.0",
      "nodemon": "^2.0.7",
      "rxjs": "^7.4.0",
      "ws": "^8.4.0",
      "ar-drone": "^0.3.3",
      "mindwave": "^0.2.0",
      "node-thinkgear-sockets": "^0.0.1",
    },
    "devDependencies": {
      "@types/bcrypt": "^5.0.0",
      "@types/body-parser": "^1.19.2",
      "@types/cors": "^2.8.12",
      "@types/express": "^4.17.13",
      "@types/node": "^14.18.1",
      "prisma": "^3.13.0",
      "ts-node": "^10.4.0",
      "typescript": "^4.5.4"
    }
  }

yarn manifest: 
  No manifest

Lockfile: 
  No lockfile
